<?xml version="1.0" encoding="UTF-8"?>
<testng-results ignored="0" total="1" passed="1" failed="0" skipped="0">
  <reporter-output>
  </reporter-output>
  <suite started-at="2021-11-11T12:10:03 IST" name="Default suite" finished-at="2021-11-11T12:10:03 IST" duration-ms="149">
    <groups>
    </groups>
    <test started-at="2021-11-11T12:10:03 IST" name="Default test" finished-at="2021-11-11T12:10:03 IST" duration-ms="149">
      <class name="gitPractice.Demo1">
        <test-method signature="demo()[pri:0, instance:gitPractice.Demo1@7219ec67]" started-at="2021-11-11T12:10:03 IST" name="demo" finished-at="2021-11-11T12:10:03 IST" duration-ms="30" status="PASS">
          <reporter-output>
          </reporter-output>
        </test-method> <!-- demo -->
      </class> <!-- gitPractice.Demo1 -->
    </test> <!-- Default test -->
  </suite> <!-- Default suite -->
</testng-results>
