<?xml version="1.0" encoding="UTF-8"?>
<testng-results ignored="0" total="1" passed="1" failed="0" skipped="0">
  <reporter-output>
  </reporter-output>
  <suite started-at="2021-11-12T11:57:58 IST" name="Default suite" finished-at="2021-11-12T11:57:59 IST" duration-ms="127">
    <groups>
    </groups>
    <test started-at="2021-11-12T11:57:58 IST" name="Default test" finished-at="2021-11-12T11:57:59 IST" duration-ms="127">
      <class name="gitPractice.Demo3">
        <test-method signature="demo()[pri:0, instance:gitPractice.Demo3@7219ec67]" started-at="2021-11-12T11:57:59 IST" name="demo" finished-at="2021-11-12T11:57:59 IST" duration-ms="35" status="PASS">
          <reporter-output>
          </reporter-output>
        </test-method> <!-- demo -->
      </class> <!-- gitPractice.Demo3 -->
    </test> <!-- Default test -->
  </suite> <!-- Default suite -->
</testng-results>
