<?xml version="1.0" encoding="UTF-8"?>
<testng-results ignored="0" total="1" passed="1" failed="0" skipped="0">
  <reporter-output>
  </reporter-output>
  <suite started-at="2021-11-12T14:03:25 IST" name="Suite" finished-at="2021-11-12T14:03:25 IST" duration-ms="76">
    <groups>
    </groups>
    <test started-at="2021-11-12T14:03:25 IST" name="Test" finished-at="2021-11-12T14:03:25 IST" duration-ms="76">
      <class name="Maven.Test1">
        <test-method signature="test1()[pri:0, instance:Maven.Test1@2928854b]" started-at="2021-11-12T14:03:25 IST" name="test1" finished-at="2021-11-12T14:03:25 IST" duration-ms="9" status="PASS">
          <reporter-output>
          </reporter-output>
        </test-method> <!-- test1 -->
      </class> <!-- Maven.Test1 -->
    </test> <!-- Test -->
  </suite> <!-- Suite -->
</testng-results>
