<?xml version="1.0" encoding="UTF-8"?>
<testng-results ignored="0" total="1" passed="1" failed="0" skipped="0">
  <reporter-output>
  </reporter-output>
  <suite started-at="2021-10-20T08:01:22 IST" name="Default suite" finished-at="2021-10-20T08:01:38 IST" duration-ms="16657">
    <groups>
    </groups>
    <test started-at="2021-10-20T08:01:22 IST" name="Default test" finished-at="2021-10-20T08:01:38 IST" duration-ms="16657">
      <class name="scripts.SearchBoxTextSelenium">
        <test-method is-config="true" signature="Openapp()[pri:0, instance:scripts.SearchBoxTextSelenium@418e7838]" started-at="2021-10-20T08:01:22 IST" name="Openapp" finished-at="2021-10-20T08:01:27 IST" duration-ms="5720" status="PASS">
          <reporter-output>
          </reporter-output>
        </test-method> <!-- Openapp -->
        <test-method signature="Tc2()[pri:0, instance:scripts.SearchBoxTextSelenium@418e7838]" started-at="2021-10-20T08:01:27 IST" name="Tc2" finished-at="2021-10-20T08:01:38 IST" duration-ms="10850" status="PASS">
          <reporter-output>
          </reporter-output>
        </test-method> <!-- Tc2 -->
        <test-method is-config="true" signature="CloseApp(org.testng.ITestResult)[pri:0, instance:scripts.SearchBoxTextSelenium@418e7838]" started-at="2021-10-20T08:01:38 IST" name="CloseApp" finished-at="2021-10-20T08:01:38 IST" duration-ms="2" status="PASS">
          <params>
            <param index="0">
              <value>
                <![CDATA[[TestResult name=Tc2 status=SUCCESS method=SearchBoxTextSelenium.Tc2()[pri:0, instance:scripts.SearchBoxTextSelenium@418e7838] output={null}]]]>
              </value>
            </param>
          </params>
          <reporter-output>
          </reporter-output>
        </test-method> <!-- CloseApp -->
      </class> <!-- scripts.SearchBoxTextSelenium -->
    </test> <!-- Default test -->
  </suite> <!-- Default suite -->
</testng-results>
